#
# A fatal error has been detected by the Java Runtime Environment:
#
#  EXCEPTION_ACCESS_VIOLATION (0xc0000005) at pc=0x00007fff761de0f3, pid=7544, tid=712
#
# JRE version: Java(TM) SE Runtime Environment (14.0.2+12) (build 14.0.2+12-46)
# Java VM: Java HotSpot(TM) 64-Bit Server VM (14.0.2+12-46, mixed mode, sharing, tiered, compressed oops, g1 gc, windows-amd64)
# Problematic frame:
# V  [jvm.dll+0x2ee0f3]
#
# No core dump will be written. Minidumps are not enabled by default on client versions of Windows
#
# If you would like to submit a bug report, please visit:
#   https://bugreport.java.com/bugreport/crash.jsp
#

---------------  S U M M A R Y ------------

Command Line: -agentlib:jdwp=transport=dt_socket,address=127.0.0.1:57304,suspend=y,server=n -ea -Didea.test.cyclic.buffer.size=1048576 -Dfile.encoding=UTF-8 com.intellij.rt.execution.junit.JUnitStarter -ideVersion5 -junit4 ru.job4j.array.FindLoopTest,thenArrayHas2Then2

Host: Intel(R) Core(TM) i3-2350M CPU @ 2.30GHz, 4 cores, 7G,  Windows 10 , 64 bit Build 18362 (10.0.18362.959)
Time: Sat Aug 29 16:58:45 2020 Russia TZ 2 Standard Time elapsed time: 9963 seconds (0d 2h 46m 3s)

---------------  T H R E A D  ---------------

Current thread (0x000002a89f89c000):  JavaThread "JDWP Transport Listener: dt_socket" daemon [_thread_in_vm, id=712, stack(0x000000e5e4100000,0x000000e5e4200000)] _threads_hazard_ptr=0x000002a89f8dc670

Stack: [0x000000e5e4100000,0x000000e5e4200000],  sp=0x000000e5e41fee60,  free space=1019k
Native frames: (J=compiled Java code, j=interpreted, Vv=VM code, C=native code)
V  [jvm.dll+0x2ee0f3]
V  [jvm.dll+0x2f1fac]
V  [jvm.dll+0x2f248c]
V  [jvm.dll+0x2ee3c2]
V  [jvm.dll+0x5e7b55]
V  [jvm.dll+0x5e78dd]
V  [jvm.dll+0x5af8e3]
V  [jvm.dll+0x739aef]
V  [jvm.dll+0x4bee61]
V  [jvm.dll+0x74908b]
V  [jvm.dll+0x4a54ee]
V  [jvm.dll+0x46ee7b]
C  [jdwp.dll+0x7bbc]


siginfo: EXCEPTION_ACCESS_VIOLATION (0xc0000005), reading address 0xffffffffffffffff


Register to memory mapping:

RIP=0x00007fff761de0f3 jvm.dll
RAX=0x000002a8a02442d0 points into unknown readable memory: 01 04 02 41 00 00 00 00
RBX=0x000000e5e41ff030 is pointing into the stack for thread: 0x000002a89f89c000
RCX=0x000000e5e41ff0a0 is pointing into the stack for thread: 0x000002a89f89c000
RDX=0xffffffffffffca1e is an unknown value
RSP=0x000000e5e41fee60 is pointing into the stack for thread: 0x000002a89f89c000
RBP=0x00007fff761de0d0 jvm.dll
RSI=0x0 is NULL
RDI=0x00000000000000a7 is an unknown value
R8 =0x03ffffffffffff28 is an unknown value
R9 =0x000000000000001e is an unknown value
R10=0x0000000800bb2838 is a pointer to class: 
ru.job4j.array.FindLoop {0x0000000800bb2840}
R11={method} {0x000002a89f3b9d38} 'indexOf' '([II)I' in 'ru/job4j/array/FindLoop'
R12=0x0000000000000001 is an unknown value
R13=0x00007fff75ef0000 jvm.dll
R14=0x000002a89f3b9ce5 is pointing into metadata
R15=0x0000000000000015 is an unknown value


Registers:
RAX=0x000002a8a02442d0, RBX=0x000000e5e41ff030, RCX=0x000000e5e41ff0a0, RDX=0xffffffffffffca1e
RSP=0x000000e5e41fee60, RBP=0x00007fff761de0d0, RSI=0x0000000000000000, RDI=0x00000000000000a7
R8 =0x03ffffffffffff28, R9 =0x000000000000001e, R10=0x0000000800bb2838, R11=0x000002a89f3b9d30
R12=0x0000000000000001, R13=0x00007fff75ef0000, R14=0x000002a89f3b9ce5, R15=0x0000000000000015
RIP=0x00007fff761de0f3, EFLAGS=0x0000000000010a06

Top of Stack: (sp=0x000000e5e41fee60)
0x000000e5e41fee60:   000000e500000064 6666666666666667
0x000000e5e41fee70:   0000000000000000 00007fff761f350a
0x000000e5e41fee80:   000000e5e41ff030 00007fff761e1fac
0x000000e5e41fee90:   000000e5e41ff030 000002a89f89c000
0x000000e5e41feea0:   000000e5e41fef00 00007fff7600137e
0x000000e5e41feeb0:   000002a89f3b9d30 000000e5e41ff0a0
0x000000e5e41feec0:   000002a8a024af98 000002a89f3b9ce5
0x000000e5e41feed0:   00000000000000a7 00007fff761e248c
0x000000e5e41feee0:   000000e5e41ff030 0000000000000015
0x000000e5e41feef0:   00000000000000a7 000002a8f63d0cc0
0x000000e5e41fef00:   000002a89f3b9d30 000002a89f89c000
0x000000e5e41fef10:   0000001800000015 000000a700000020
0x000000e5e41fef20:   0000002000000000 ffffffff000000a7
0x000000e5e41fef30:   000002a8a024af98 0000000000000000
0x000000e5e41fef40:   0000000000000000 00000000000083b0
0x000000e5e41fef50:   000002a8a0244280 00007fff761de3c2 

Instructions: (pc=0x00007fff761de0f3)
0x00007fff761ddff3:   84 b4 00 00 00 48 8b 5b 10 48 85 db 75 ef 33 d2
0x00007fff761de003:   8d 4a 18 e8 65 39 36 00 48 8b d8 48 85 c0 0f 84
0x00007fff761de013:   8e 00 00 00 33 d2 48 89 6c 24 48 49 8b 2e 48 89
0x00007fff761de023:   74 24 50 89 38 8d 4a 20 e8 40 39 36 00 33 ff 48
0x00007fff761de033:   8b f0 48 85 c0 74 54 8b 0d 38 23 6d 00 8d 57 08
0x00007fff761de043:   89 48 04 48 8b c8 89 38 c7 40 10 08 00 00 00 48
0x00007fff761de053:   89 78 08 e8 45 4e 01 00 48 89 46 18 39 7e 04 7e
0x00007fff761de063:   2d 0f 1f 40 00 0f 1f 84 00 00 00 00 00 48 8b 46
0x00007fff761de073:   18 48 63 cf 48 8d 14 c8 48 85 d2 74 05 33 c0 48
0x00007fff761de083:   89 02 ff c7 3b 7e 04 7c e4 eb 03 48 8b f7 48 89
0x00007fff761de093:   73 08 48 8b 74 24 50 48 89 6b 10 48 8b 6c 24 48
0x00007fff761de0a3:   eb 04 33 ff 8b df 49 89 1e 48 8b 4b 08 48 8d 54
0x00007fff761de0b3:   24 40 4c 89 7c 24 40 e8 e1 8b dc ff 48 8b 5c 24
0x00007fff761de0c3:   58 48 83 c4 20 41 5f 41 5e 5f c3 cc cc 40 53 48
0x00007fff761de0d3:   83 ec 20 48 63 d2 48 8b d9 0f b6 c2 48 83 c1 70
0x00007fff761de0e3:   24 3f 4c 8b c2 44 0f b6 c8 49 c1 e8 06 48 8b 01
0x00007fff761de0f3:   4e 8b 04 c0 4d 0f a3 c8 72 0b 41 b0 01 e8 6b f9
0x00007fff761de103:   e0 ff ff 43 6c 48 83 c4 20 5b c3 cc cc 8b c2 4c
0x00007fff761de113:   8b d1 41 33 c0 a9 00 00 00 f0 0f 84 ca 00 00 00
0x00007fff761de123:   44 8b ca 8b c2 41 c1 e9 1d b9 72 00 00 00 41 80
0x00007fff761de133:   e1 01 c1 e8 1e 44 8d 59 ae a8 01 74 1a 45 84 c9
0x00007fff761de143:   75 0d c1 ea 1c f6 c2 01 75 05 44 8b c9 eb 35 41
0x00007fff761de153:   b9 23 00 00 00 eb 2d 45 84 c9 74 08 41 b9 76 00
0x00007fff761de163:   00 00 eb 20 8b c2 c1 e8 1c a8 01 74 08 41 b9 70
0x00007fff761de173:   00 00 00 eb 0f c1 ea 1f 41 b9 40 00 00 00 84 d2
0x00007fff761de183:   45 0f 45 cb 41 8b d0 41 8b c0 c1 ea 1d 80 e2 01
0x00007fff761de193:   c1 e8 1e a8 01 74 15 84 d2 75 0a 41 c1 e8 1c 41
0x00007fff761de1a3:   f6 c0 01 74 33 b9 23 00 00 00 eb 2c 84 d2 74 07
0x00007fff761de1b3:   b9 76 00 00 00 eb 21 41 8b c0 c1 e8 1c a8 01 74
0x00007fff761de1c3:   07 b9 70 00 00 00 eb 10 41 c1 e8 1f b9 40 00 00
0x00007fff761de1d3:   00 45 84 c0 41 0f 45 cb 44 8b c1 48 8d 15 53 79
0x00007fff761de1e3:   56 00 49 8b ca e9 f3 5b 00 00 c3 cc cc 48 89 5c 


Stack slot to memory mapping:
stack at sp + 0 slots: 0x000000e500000064 is an unknown value
stack at sp + 1 slots: 0x6666666666666667 is an unknown value
stack at sp + 2 slots: 0x0 is NULL
stack at sp + 3 slots: 0x00007fff761f350a jvm.dll
stack at sp + 4 slots: 0x000000e5e41ff030 is pointing into the stack for thread: 0x000002a89f89c000
stack at sp + 5 slots: 0x00007fff761e1fac jvm.dll
stack at sp + 6 slots: 0x000000e5e41ff030 is pointing into the stack for thread: 0x000002a89f89c000
stack at sp + 7 slots: 0x000002a89f89c000 is a thread


---------------  P R O C E S S  ---------------

Threads class SMR info:
_java_thread_list=0x000002a89f8dc670, length=14, elements={
0x000002a8f85f5000, 0x000002a89f73a800, 0x000002a89f73d000, 0x000002a89f755000,
0x000002a89f758000, 0x000002a89f759800, 0x000002a89f75a800, 0x000002a89f75d800,
0x000002a89f7d8800, 0x000002a89f89c000, 0x000002a89f8b2000, 0x000002a89f8b3000,
0x000002a89f8cf000, 0x000002a89f8df800
}

Java Threads: ( => current thread )
  0x000002a8f85f5000 JavaThread "main" [_thread_blocked, id=6992, stack(0x000000e5e3200000,0x000000e5e3300000)]
  0x000002a89f73a800 JavaThread "Reference Handler" daemon [_thread_blocked, id=10532, stack(0x000000e5e3900000,0x000000e5e3a00000)]
  0x000002a89f73d000 JavaThread "Finalizer" daemon [_thread_blocked, id=8988, stack(0x000000e5e3a00000,0x000000e5e3b00000)]
  0x000002a89f755000 JavaThread "Signal Dispatcher" daemon [_thread_blocked, id=8972, stack(0x000000e5e3b00000,0x000000e5e3c00000)]
  0x000002a89f758000 JavaThread "Attach Listener" daemon [_thread_blocked, id=4420, stack(0x000000e5e3c00000,0x000000e5e3d00000)]
  0x000002a89f759800 JavaThread "Service Thread" daemon [_thread_blocked, id=8752, stack(0x000000e5e3d00000,0x000000e5e3e00000)]
  0x000002a89f75a800 JavaThread "C2 CompilerThread0" daemon [_thread_blocked, id=7996, stack(0x000000e5e3e00000,0x000000e5e3f00000)]
  0x000002a89f75d800 JavaThread "C1 CompilerThread0" daemon [_thread_blocked, id=6928, stack(0x000000e5e3f00000,0x000000e5e4000000)]
  0x000002a89f7d8800 JavaThread "Sweeper thread" daemon [_thread_blocked, id=5720, stack(0x000000e5e4000000,0x000000e5e4100000)]
=>0x000002a89f89c000 JavaThread "JDWP Transport Listener: dt_socket" daemon [_thread_in_vm, id=712, stack(0x000000e5e4100000,0x000000e5e4200000)]
  0x000002a89f8b2000 JavaThread "JDWP Event Helper Thread" daemon [_thread_blocked, id=5344, stack(0x000000e5e4200000,0x000000e5e4300000)]
  0x000002a89f8b3000 JavaThread "JDWP Command Reader" daemon [_thread_in_native, id=7184, stack(0x000000e5e4300000,0x000000e5e4400000)]
  0x000002a89f8cf000 JavaThread "Notification Thread" daemon [_thread_blocked, id=5784, stack(0x000000e5e4400000,0x000000e5e4500000)]
  0x000002a89f8df800 JavaThread "Common-Cleaner" daemon [_thread_blocked, id=7120, stack(0x000000e5e4600000,0x000000e5e4700000)]

Other Threads:
  0x000002a89f738800 VMThread "VM Thread" [stack: 0x000000e5e3800000,0x000000e5e3900000] [id=8740]
  0x000002a89f8cc000 WatcherThread [stack: 0x000000e5e4500000,0x000000e5e4600000] [id=8684]
  0x000002a8f8638000 GCTaskThread "GC Thread#0" [stack: 0x000000e5e3300000,0x000000e5e3400000] [id=2576]
  0x000002a8f8649000 ConcurrentGCThread "G1 Main Marker" [stack: 0x000000e5e3400000,0x000000e5e3500000] [id=1380]
  0x000002a8f864a800 ConcurrentGCThread "G1 Conc#0" [stack: 0x000000e5e3500000,0x000000e5e3600000] [id=9716]
  0x000002a89ea76800 ConcurrentGCThread "G1 Refine#0" [stack: 0x000000e5e3600000,0x000000e5e3700000] [id=6588]
  0x000002a89ea77800 ConcurrentGCThread "G1 Young RemSet Sampling" [stack: 0x000000e5e3700000,0x000000e5e3800000] [id=8920]

Threads with active compile tasks:

VM state:not at safepoint (normal execution)

VM Mutex/Monitor currently owned by a thread: None

Heap address: 0x0000000081400000, size: 2028 MB, Compressed Oops mode: 32-bit
Narrow klass base: 0x0000000800000000, Narrow klass shift: 3
Compressed class space size: 1073741824 Address: 0x0000000800b30000

Heap:
 garbage-first heap   total 131072K, used 4096K [0x0000000081400000, 0x0000000100000000)
  region size 1024K, 5 young (5120K), 0 survivors (0K)
 Metaspace       used 2183K, capacity 5311K, committed 5504K, reserved 1056768K
  class space    used 247K, capacity 532K, committed 640K, reserved 1048576K
Heap Regions: E=young(eden), S=young(survivor), O=old, HS=humongous(starts), HC=humongous(continues), CS=collection set, F=free, OA=open archive, CA=closed archive, TAMS=top-at-mark-start (previous, next)
|   0|0x0000000081400000, 0x0000000081400000, 0x0000000081500000|  0%| F|  |TAMS 0x0000000081400000, 0x0000000081400000| Untracked 
|   1|0x0000000081500000, 0x0000000081500000, 0x0000000081600000|  0%| F|  |TAMS 0x0000000081500000, 0x0000000081500000| Untracked 
|   2|0x0000000081600000, 0x0000000081600000, 0x0000000081700000|  0%| F|  |TAMS 0x0000000081600000, 0x0000000081600000| Untracked 
|   3|0x0000000081700000, 0x0000000081700000, 0x0000000081800000|  0%| F|  |TAMS 0x0000000081700000, 0x0000000081700000| Untracked 
|   4|0x0000000081800000, 0x0000000081800000, 0x0000000081900000|  0%| F|  |TAMS 0x0000000081800000, 0x0000000081800000| Untracked 
|   5|0x0000000081900000, 0x0000000081900000, 0x0000000081a00000|  0%| F|  |TAMS 0x0000000081900000, 0x0000000081900000| Untracked 
|   6|0x0000000081a00000, 0x0000000081a00000, 0x0000000081b00000|  0%| F|  |TAMS 0x0000000081a00000, 0x0000000081a00000| Untracked 
|   7|0x0000000081b00000, 0x0000000081b00000, 0x0000000081c00000|  0%| F|  |TAMS 0x0000000081b00000, 0x0000000081b00000| Untracked 
|   8|0x0000000081c00000, 0x0000000081c00000, 0x0000000081d00000|  0%| F|  |TAMS 0x0000000081c00000, 0x0000000081c00000| Untracked 
|   9|0x0000000081d00000, 0x0000000081d00000, 0x0000000081e00000|  0%| F|  |TAMS 0x0000000081d00000, 0x0000000081d00000| Untracked 
|  10|0x0000000081e00000, 0x0000000081e00000, 0x0000000081f00000|  0%| F|  |TAMS 0x0000000081e00000, 0x0000000081e00000| Untracked 
|  11|0x0000000081f00000, 0x0000000081f00000, 0x0000000082000000|  0%| F|  |TAMS 0x0000000081f00000, 0x0000000081f00000| Untracked 
|  12|0x0000000082000000, 0x0000000082000000, 0x0000000082100000|  0%| F|  |TAMS 0x0000000082000000, 0x0000000082000000| Untracked 
|  13|0x0000000082100000, 0x0000000082100000, 0x0000000082200000|  0%| F|  |TAMS 0x0000000082100000, 0x0000000082100000| Untracked 
|  14|0x0000000082200000, 0x0000000082200000, 0x0000000082300000|  0%| F|  |TAMS 0x0000000082200000, 0x0000000082200000| Untracked 
|  15|0x0000000082300000, 0x0000000082300000, 0x0000000082400000|  0%| F|  |TAMS 0x0000000082300000, 0x0000000082300000| Untracked 
|  16|0x0000000082400000, 0x0000000082400000, 0x0000000082500000|  0%| F|  |TAMS 0x0000000082400000, 0x0000000082400000| Untracked 
|  17|0x0000000082500000, 0x0000000082500000, 0x0000000082600000|  0%| F|  |TAMS 0x0000000082500000, 0x0000000082500000| Untracked 
|  18|0x0000000082600000, 0x0000000082600000, 0x0000000082700000|  0%| F|  |TAMS 0x0000000082600000, 0x0000000082600000| Untracked 
|  19|0x0000000082700000, 0x0000000082700000, 0x0000000082800000|  0%| F|  |TAMS 0x0000000082700000, 0x0000000082700000| Untracked 
|  20|0x0000000082800000, 0x0000000082800000, 0x0000000082900000|  0%| F|  |TAMS 0x0000000082800000, 0x0000000082800000| Untracked 
|  21|0x0000000082900000, 0x0000000082900000, 0x0000000082a00000|  0%| F|  |TAMS 0x0000000082900000, 0x0000000082900000| Untracked 
|  22|0x0000000082a00000, 0x0000000082a00000, 0x0000000082b00000|  0%| F|  |TAMS 0x0000000082a00000, 0x0000000082a00000| Untracked 
|  23|0x0000000082b00000, 0x0000000082b00000, 0x0000000082c00000|  0%| F|  |TAMS 0x0000000082b00000, 0x0000000082b00000| Untracked 
|  24|0x0000000082c00000, 0x0000000082c00000, 0x0000000082d00000|  0%| F|  |TAMS 0x0000000082c00000, 0x0000000082c00000| Untracked 
|  25|0x0000000082d00000, 0x0000000082d00000, 0x0000000082e00000|  0%| F|  |TAMS 0x0000000082d00000, 0x0000000082d00000| Untracked 
|  26|0x0000000082e00000, 0x0000000082e00000, 0x0000000082f00000|  0%| F|  |TAMS 0x0000000082e00000, 0x0000000082e00000| Untracked 
|  27|0x0000000082f00000, 0x0000000082f00000, 0x0000000083000000|  0%| F|  |TAMS 0x0000000082f00000, 0x0000000082f00000| Untracked 
|  28|0x0000000083000000, 0x0000000083000000, 0x0000000083100000|  0%| F|  |TAMS 0x0000000083000000, 0x0000000083000000| Untracked 
|  29|0x0000000083100000, 0x0000000083100000, 0x0000000083200000|  0%| F|  |TAMS 0x0000000083100000, 0x0000000083100000| Untracked 
|  30|0x0000000083200000, 0x0000000083200000, 0x0000000083300000|  0%| F|  |TAMS 0x0000000083200000, 0x0000000083200000| Untracked 
|  31|0x0000000083300000, 0x0000000083300000, 0x0000000083400000|  0%| F|  |TAMS 0x0000000083300000, 0x0000000083300000| Untracked 
|  32|0x0000000083400000, 0x0000000083400000, 0x0000000083500000|  0%| F|  |TAMS 0x0000000083400000, 0x0000000083400000| Untracked 
|  33|0x0000000083500000, 0x0000000083500000, 0x0000000083600000|  0%| F|  |TAMS 0x0000000083500000, 0x0000000083500000| Untracked 
|  34|0x0000000083600000, 0x0000000083600000, 0x0000000083700000|  0%| F|  |TAMS 0x0000000083600000, 0x0000000083600000| Untracked 
|  35|0x0000000083700000, 0x0000000083700000, 0x0000000083800000|  0%| F|  |TAMS 0x0000000083700000, 0x0000000083700000| Untracked 
|  36|0x0000000083800000, 0x0000000083800000, 0x0000000083900000|  0%| F|  |TAMS 0x0000000083800000, 0x0000000083800000| Untracked 
|  37|0x0000000083900000, 0x0000000083900000, 0x0000000083a00000|  0%| F|  |TAMS 0x0000000083900000, 0x0000000083900000| Untracked 
|  38|0x0000000083a00000, 0x0000000083a00000, 0x0000000083b00000|  0%| F|  |TAMS 0x0000000083a00000, 0x0000000083a00000| Untracked 
|  39|0x0000000083b00000, 0x0000000083b00000, 0x0000000083c00000|  0%| F|  |TAMS 0x0000000083b00000, 0x0000000083b00000| Untracked 
|  40|0x0000000083c00000, 0x0000000083c00000, 0x0000000083d00000|  0%| F|  |TAMS 0x0000000083c00000, 0x0000000083c00000| Untracked 
|  41|0x0000000083d00000, 0x0000000083d00000, 0x0000000083e00000|  0%| F|  |TAMS 0x0000000083d00000, 0x0000000083d00000| Untracked 
|  42|0x0000000083e00000, 0x0000000083e00000, 0x0000000083f00000|  0%| F|  |TAMS 0x0000000083e00000, 0x0000000083e00000| Untracked 
|  43|0x0000000083f00000, 0x0000000083f00000, 0x0000000084000000|  0%| F|  |TAMS 0x0000000083f00000, 0x0000000083f00000| Untracked 
|  44|0x0000000084000000, 0x0000000084000000, 0x0000000084100000|  0%| F|  |TAMS 0x0000000084000000, 0x0000000084000000| Untracked 
|  45|0x0000000084100000, 0x0000000084100000, 0x0000000084200000|  0%| F|  |TAMS 0x0000000084100000, 0x0000000084100000| Untracked 
|  46|0x0000000084200000, 0x0000000084200000, 0x0000000084300000|  0%| F|  |TAMS 0x0000000084200000, 0x0000000084200000| Untracked 
|  47|0x0000000084300000, 0x0000000084300000, 0x0000000084400000|  0%| F|  |TAMS 0x0000000084300000, 0x0000000084300000| Untracked 
|  48|0x0000000084400000, 0x0000000084400000, 0x0000000084500000|  0%| F|  |TAMS 0x0000000084400000, 0x0000000084400000| Untracked 
|  49|0x0000000084500000, 0x0000000084500000, 0x0000000084600000|  0%| F|  |TAMS 0x0000000084500000, 0x0000000084500000| Untracked 
|  50|0x0000000084600000, 0x0000000084600000, 0x0000000084700000|  0%| F|  |TAMS 0x0000000084600000, 0x0000000084600000| Untracked 
|  51|0x0000000084700000, 0x0000000084700000, 0x0000000084800000|  0%| F|  |TAMS 0x0000000084700000, 0x0000000084700000| Untracked 
|  52|0x0000000084800000, 0x0000000084800000, 0x0000000084900000|  0%| F|  |TAMS 0x0000000084800000, 0x0000000084800000| Untracked 
|  53|0x0000000084900000, 0x0000000084900000, 0x0000000084a00000|  0%| F|  |TAMS 0x0000000084900000, 0x0000000084900000| Untracked 
|  54|0x0000000084a00000, 0x0000000084a00000, 0x0000000084b00000|  0%| F|  |TAMS 0x0000000084a00000, 0x0000000084a00000| Untracked 
|  55|0x0000000084b00000, 0x0000000084b00000, 0x0000000084c00000|  0%| F|  |TAMS 0x0000000084b00000, 0x0000000084b00000| Untracked 
|  56|0x0000000084c00000, 0x0000000084c00000, 0x0000000084d00000|  0%| F|  |TAMS 0x0000000084c00000, 0x0000000084c00000| Untracked 
|  57|0x0000000084d00000, 0x0000000084d00000, 0x0000000084e00000|  0%| F|  |TAMS 0x0000000084d00000, 0x0000000084d00000| Untracked 
|  58|0x0000000084e00000, 0x0000000084e00000, 0x0000000084f00000|  0%| F|  |TAMS 0x0000000084e00000, 0x0000000084e00000| Untracked 
|  59|0x0000000084f00000, 0x0000000084f00000, 0x0000000085000000|  0%| F|  |TAMS 0x0000000084f00000, 0x0000000084f00000| Untracked 
|  60|0x0000000085000000, 0x0000000085000000, 0x0000000085100000|  0%| F|  |TAMS 0x0000000085000000, 0x0000000085000000| Untracked 
|  61|0x0000000085100000, 0x0000000085100000, 0x0000000085200000|  0%| F|  |TAMS 0x0000000085100000, 0x0000000085100000| Untracked 
|  62|0x0000000085200000, 0x0000000085200000, 0x0000000085300000|  0%| F|  |TAMS 0x0000000085200000, 0x0000000085200000| Untracked 
|  63|0x0000000085300000, 0x0000000085300000, 0x0000000085400000|  0%| F|  |TAMS 0x0000000085300000, 0x0000000085300000| Untracked 
|  64|0x0000000085400000, 0x0000000085400000, 0x0000000085500000|  0%| F|  |TAMS 0x0000000085400000, 0x0000000085400000| Untracked 
|  65|0x0000000085500000, 0x0000000085500000, 0x0000000085600000|  0%| F|  |TAMS 0x0000000085500000, 0x0000000085500000| Untracked 
|  66|0x0000000085600000, 0x0000000085600000, 0x0000000085700000|  0%| F|  |TAMS 0x0000000085600000, 0x0000000085600000| Untracked 
|  67|0x0000000085700000, 0x0000000085700000, 0x0000000085800000|  0%| F|  |TAMS 0x0000000085700000, 0x0000000085700000| Untracked 
|  68|0x0000000085800000, 0x0000000085800000, 0x0000000085900000|  0%| F|  |TAMS 0x0000000085800000, 0x0000000085800000| Untracked 
|  69|0x0000000085900000, 0x0000000085900000, 0x0000000085a00000|  0%| F|  |TAMS 0x0000000085900000, 0x0000000085900000| Untracked 
|  70|0x0000000085a00000, 0x0000000085a00000, 0x0000000085b00000|  0%| F|  |TAMS 0x0000000085a00000, 0x0000000085a00000| Untracked 
|  71|0x0000000085b00000, 0x0000000085b00000, 0x0000000085c00000|  0%| F|  |TAMS 0x0000000085b00000, 0x0000000085b00000| Untracked 
|  72|0x0000000085c00000, 0x0000000085c00000, 0x0000000085d00000|  0%| F|  |TAMS 0x0000000085c00000, 0x0000000085c00000| Untracked 
|  73|0x0000000085d00000, 0x0000000085d00000, 0x0000000085e00000|  0%| F|  |TAMS 0x0000000085d00000, 0x0000000085d00000| Untracked 
|  74|0x0000000085e00000, 0x0000000085e00000, 0x0000000085f00000|  0%| F|  |TAMS 0x0000000085e00000, 0x0000000085e00000| Untracked 
|  75|0x0000000085f00000, 0x0000000085f00000, 0x0000000086000000|  0%| F|  |TAMS 0x0000000085f00000, 0x0000000085f00000| Untracked 
|  76|0x0000000086000000, 0x0000000086000000, 0x0000000086100000|  0%| F|  |TAMS 0x0000000086000000, 0x0000000086000000| Untracked 
|  77|0x0000000086100000, 0x0000000086100000, 0x0000000086200000|  0%| F|  |TAMS 0x0000000086100000, 0x0000000086100000| Untracked 
|  78|0x0000000086200000, 0x0000000086200000, 0x0000000086300000|  0%| F|  |TAMS 0x0000000086200000, 0x0000000086200000| Untracked 
|  79|0x0000000086300000, 0x0000000086300000, 0x0000000086400000|  0%| F|  |TAMS 0x0000000086300000, 0x0000000086300000| Untracked 
|  80|0x0000000086400000, 0x0000000086400000, 0x0000000086500000|  0%| F|  |TAMS 0x0000000086400000, 0x0000000086400000| Untracked 
|  81|0x0000000086500000, 0x0000000086500000, 0x0000000086600000|  0%| F|  |TAMS 0x0000000086500000, 0x0000000086500000| Untracked 
|  82|0x0000000086600000, 0x0000000086600000, 0x0000000086700000|  0%| F|  |TAMS 0x0000000086600000, 0x0000000086600000| Untracked 
|  83|0x0000000086700000, 0x0000000086700000, 0x0000000086800000|  0%| F|  |TAMS 0x0000000086700000, 0x0000000086700000| Untracked 
|  84|0x0000000086800000, 0x0000000086800000, 0x0000000086900000|  0%| F|  |TAMS 0x0000000086800000, 0x0000000086800000| Untracked 
|  85|0x0000000086900000, 0x0000000086900000, 0x0000000086a00000|  0%| F|  |TAMS 0x0000000086900000, 0x0000000086900000| Untracked 
|  86|0x0000000086a00000, 0x0000000086a00000, 0x0000000086b00000|  0%| F|  |TAMS 0x0000000086a00000, 0x0000000086a00000| Untracked 
|  87|0x0000000086b00000, 0x0000000086b00000, 0x0000000086c00000|  0%| F|  |TAMS 0x0000000086b00000, 0x0000000086b00000| Untracked 
|  88|0x0000000086c00000, 0x0000000086c00000, 0x0000000086d00000|  0%| F|  |TAMS 0x0000000086c00000, 0x0000000086c00000| Untracked 
|  89|0x0000000086d00000, 0x0000000086d00000, 0x0000000086e00000|  0%| F|  |TAMS 0x0000000086d00000, 0x0000000086d00000| Untracked 
|  90|0x0000000086e00000, 0x0000000086e00000, 0x0000000086f00000|  0%| F|  |TAMS 0x0000000086e00000, 0x0000000086e00000| Untracked 
|  91|0x0000000086f00000, 0x0000000086f00000, 0x0000000087000000|  0%| F|  |TAMS 0x0000000086f00000, 0x0000000086f00000| Untracked 
|  92|0x0000000087000000, 0x0000000087000000, 0x0000000087100000|  0%| F|  |TAMS 0x0000000087000000, 0x0000000087000000| Untracked 
|  93|0x0000000087100000, 0x0000000087100000, 0x0000000087200000|  0%| F|  |TAMS 0x0000000087100000, 0x0000000087100000| Untracked 
|  94|0x0000000087200000, 0x0000000087200000, 0x0000000087300000|  0%| F|  |TAMS 0x0000000087200000, 0x0000000087200000| Untracked 
|  95|0x0000000087300000, 0x0000000087300000, 0x0000000087400000|  0%| F|  |TAMS 0x0000000087300000, 0x0000000087300000| Untracked 
|  96|0x0000000087400000, 0x0000000087400000, 0x0000000087500000|  0%| F|  |TAMS 0x0000000087400000, 0x0000000087400000| Untracked 
|  97|0x0000000087500000, 0x0000000087500000, 0x0000000087600000|  0%| F|  |TAMS 0x0000000087500000, 0x0000000087500000| Untracked 
|  98|0x0000000087600000, 0x0000000087600000, 0x0000000087700000|  0%| F|  |TAMS 0x0000000087600000, 0x0000000087600000| Untracked 
|  99|0x0000000087700000, 0x0000000087700000, 0x0000000087800000|  0%| F|  |TAMS 0x0000000087700000, 0x0000000087700000| Untracked 
| 100|0x0000000087800000, 0x0000000087800000, 0x0000000087900000|  0%| F|  |TAMS 0x0000000087800000, 0x0000000087800000| Untracked 
| 101|0x0000000087900000, 0x0000000087900000, 0x0000000087a00000|  0%| F|  |TAMS 0x0000000087900000, 0x0000000087900000| Untracked 
| 102|0x0000000087a00000, 0x0000000087a00000, 0x0000000087b00000|  0%| F|  |TAMS 0x0000000087a00000, 0x0000000087a00000| Untracked 
| 103|0x0000000087b00000, 0x0000000087b00000, 0x0000000087c00000|  0%| F|  |TAMS 0x0000000087b00000, 0x0000000087b00000| Untracked 
| 104|0x0000000087c00000, 0x0000000087c00000, 0x0000000087d00000|  0%| F|  |TAMS 0x0000000087c00000, 0x0000000087c00000| Untracked 
| 105|0x0000000087d00000, 0x0000000087d00000, 0x0000000087e00000|  0%| F|  |TAMS 0x0000000087d00000, 0x0000000087d00000| Untracked 
| 106|0x0000000087e00000, 0x0000000087e00000, 0x0000000087f00000|  0%| F|  |TAMS 0x0000000087e00000, 0x0000000087e00000| Untracked 
| 107|0x0000000087f00000, 0x0000000087f00000, 0x0000000088000000|  0%| F|  |TAMS 0x0000000087f00000, 0x0000000087f00000| Untracked 
| 108|0x0000000088000000, 0x0000000088000000, 0x0000000088100000|  0%| F|  |TAMS 0x0000000088000000, 0x0000000088000000| Untracked 
| 109|0x0000000088100000, 0x0000000088100000, 0x0000000088200000|  0%| F|  |TAMS 0x0000000088100000, 0x0000000088100000| Untracked 
| 110|0x0000000088200000, 0x0000000088200000, 0x0000000088300000|  0%| F|  |TAMS 0x0000000088200000, 0x0000000088200000| Untracked 
| 111|0x0000000088300000, 0x0000000088300000, 0x0000000088400000|  0%| F|  |TAMS 0x0000000088300000, 0x0000000088300000| Untracked 
| 112|0x0000000088400000, 0x0000000088400000, 0x0000000088500000|  0%| F|  |TAMS 0x0000000088400000, 0x0000000088400000| Untracked 
| 113|0x0000000088500000, 0x0000000088500000, 0x0000000088600000|  0%| F|  |TAMS 0x0000000088500000, 0x0000000088500000| Untracked 
| 114|0x0000000088600000, 0x0000000088600000, 0x0000000088700000|  0%| F|  |TAMS 0x0000000088600000, 0x0000000088600000| Untracked 
| 115|0x0000000088700000, 0x0000000088700000, 0x0000000088800000|  0%| F|  |TAMS 0x0000000088700000, 0x0000000088700000| Untracked 
| 116|0x0000000088800000, 0x0000000088800000, 0x0000000088900000|  0%| F|  |TAMS 0x0000000088800000, 0x0000000088800000| Untracked 
| 117|0x0000000088900000, 0x0000000088900000, 0x0000000088a00000|  0%| F|  |TAMS 0x0000000088900000, 0x0000000088900000| Untracked 
| 118|0x0000000088a00000, 0x0000000088a00000, 0x0000000088b00000|  0%| F|  |TAMS 0x0000000088a00000, 0x0000000088a00000| Untracked 
| 119|0x0000000088b00000, 0x0000000088b00000, 0x0000000088c00000|  0%| F|  |TAMS 0x0000000088b00000, 0x0000000088b00000| Untracked 
| 120|0x0000000088c00000, 0x0000000088c00000, 0x0000000088d00000|  0%| F|  |TAMS 0x0000000088c00000, 0x0000000088c00000| Untracked 
| 121|0x0000000088d00000, 0x0000000088d00000, 0x0000000088e00000|  0%| F|  |TAMS 0x0000000088d00000, 0x0000000088d00000| Untracked 
| 122|0x0000000088e00000, 0x0000000088e00000, 0x0000000088f00000|  0%| F|  |TAMS 0x0000000088e00000, 0x0000000088e00000| Untracked 
| 123|0x0000000088f00000, 0x0000000088fc8e60, 0x0000000089000000| 78%| E|  |TAMS 0x0000000088f00000, 0x0000000088f00000| Complete 
| 124|0x0000000089000000, 0x0000000089100000, 0x0000000089100000|100%| E|CS|TAMS 0x0000000089000000, 0x0000000089000000| Complete 
| 125|0x0000000089100000, 0x0000000089200000, 0x0000000089200000|100%| E|CS|TAMS 0x0000000089100000, 0x0000000089100000| Complete 
| 126|0x0000000089200000, 0x0000000089300000, 0x0000000089300000|100%| E|CS|TAMS 0x0000000089200000, 0x0000000089200000| Complete 
| 127|0x0000000089300000, 0x0000000089400000, 0x0000000089400000|100%| E|CS|TAMS 0x0000000089300000, 0x0000000089300000| Complete 

Card table byte_map: [0x000002a898130000,0x000002a898530000] _byte_map_base: 0x000002a897d26000

Marking Bits (Prev, Next): (CMBitMap*) 0x000002a8f8638a28, (CMBitMap*) 0x000002a8f8638a68
 Prev Bits: [0x000002a898930000, 0x000002a89a8e0000)
 Next Bits: [0x000002a89a8e0000, 0x000002a89c890000)

Polling page: 0x000002a880000000

Metaspace:

Usage:
  Non-class:      4.67 MB capacity,     1.89 MB ( 41%) used,     2.77 MB ( 59%) free+waste,     6.00 KB ( <1%) overhead. 
      Class:    532.00 KB capacity,   247.48 KB ( 47%) used,   281.33 KB ( 53%) free+waste,     3.19 KB ( <1%) overhead. 
       Both:      5.19 MB capacity,     2.13 MB ( 41%) used,     3.05 MB ( 59%) free+waste,     9.19 KB ( <1%) overhead. 

Virtual space:
  Non-class space:        8.00 MB reserved,       4.75 MB ( 59%) committed 
      Class space:        1.00 GB reserved,     640.00 KB ( <1%) committed 
             Both:        1.01 GB reserved,       5.38 MB ( <1%) committed 

Chunk freelists:
   Non-Class:  21.00 KB
       Class:  12.00 KB
        Both:  33.00 KB

MaxMetaspaceSize: 17179869184.00 GB
CompressedClassSpaceSize: 1.00 GB

CodeHeap 'non-profiled nmethods': size=120000Kb used=137Kb max_used=137Kb free=119862Kb
 bounds [0x000002a8901c0000, 0x000002a890430000, 0x000002a8976f0000]
CodeHeap 'profiled nmethods': size=120000Kb used=839Kb max_used=839Kb free=119160Kb
 bounds [0x000002a888c90000, 0x000002a888f00000, 0x000002a8901c0000]
CodeHeap 'non-nmethods': size=5760Kb used=1217Kb max_used=1231Kb free=4542Kb
 bounds [0x000002a8886f0000, 0x000002a888960000, 0x000002a888c90000]
 total_blobs=848 nmethods=473 adapters=288
 compilation: enabled
              stopped_count=0, restarted_count=0
 full_count=0

Compilation events (20 events):
Event: 1.004 Thread 0x000002a89f75d800  463   !   3       java.net.URL::set (114 bytes)
Event: 1.005 Thread 0x000002a89f75d800 nmethod 463 0x000002a888d5c790 code [0x000002a888d5ca20, 0x000002a888d5d978]
Event: 1.005 Thread 0x000002a89f75d800  465       3       java.util.WeakHashMap::remove (133 bytes)
Event: 1.007 Thread 0x000002a89f75d800 nmethod 465 0x000002a888d5de10 code [0x000002a888d5e040, 0x000002a888d5eba8]
Event: 1.007 Thread 0x000002a89f75d800  464       3       java.util.Collections$SetFromMap::remove (19 bytes)
Event: 1.007 Thread 0x000002a89f75d800 nmethod 464 0x000002a888d5f010 code [0x000002a888d5f1c0, 0x000002a888d5f428]
Event: 1.009 Thread 0x000002a89f75d800  466       3       sun.net.www.ParseUtil::encodePath (41 bytes)
Event: 1.009 Thread 0x000002a89f75d800 nmethod 466 0x000002a888d5f510 code [0x000002a888d5f6e0, 0x000002a888d5f928]
Event: 1.009 Thread 0x000002a89f75d800  467       3       java.io.File::exists (43 bytes)
Event: 1.010 Thread 0x000002a89f75d800 nmethod 467 0x000002a888d5fa10 code [0x000002a888d5fc00, 0x000002a888d60068]
Event: 1.012 Thread 0x000002a89f75d800  468       3       java.lang.ClassLoader::getClassLoadingLock (35 bytes)
Event: 1.012 Thread 0x000002a89f75a800  473 %     4       java.util.zip.ZipFile$Source::hashN @ 2 (26 bytes)
Event: 1.012 Thread 0x000002a89f75d800 nmethod 468 0x000002a888d60210 code [0x000002a888d603c0, 0x000002a888d60708]
Event: 1.012 Thread 0x000002a89f75d800  469       3       java.lang.ClassLoader::findLoadedClass (16 bytes)
Event: 1.013 Thread 0x000002a89f75d800 nmethod 469 0x000002a888d60890 code [0x000002a888d60a40, 0x000002a888d60c38]
Event: 1.013 Thread 0x000002a89f75d800  471       3       jdk.internal.loader.BuiltinClassLoader::findLoadedModule (33 bytes)
Event: 1.014 Thread 0x000002a89f75d800 nmethod 471 0x000002a888d60d10 code [0x000002a888d60f20, 0x000002a888d615b8]
Event: 1.014 Thread 0x000002a89f75d800  472       3       jdk.internal.loader.BuiltinClassLoader::loadClassOrNull (7 bytes)
Event: 1.014 Thread 0x000002a89f75d800 nmethod 472 0x000002a888d61810 code [0x000002a888d619c0, 0x000002a888d61bc8]
Event: 1.018 Thread 0x000002a89f75a800 nmethod 473% 0x000002a8901e2090 code [0x000002a8901e2240, 0x000002a8901e2538]

GC Heap History (0 events):
No events

Deoptimization events (10 events):
Event: 0.384 Thread 0x000002a8f85f5000 Uncommon trap: trap_request=0xffffff45 fr.pc=0x000002a8901c3e60 relative=0x0000000000000200
Event: 0.384 Thread 0x000002a8f85f5000 Uncommon trap: reason=unstable_if action=reinterpret pc=0x000002a8901c3e60 method=java.lang.String.hashCode()I @ 42 c2
Event: 0.384 Thread 0x000002a8f85f5000 DEOPT PACKING pc=0x000002a8901c3e60 sp=0x000000e5e32fde40
Event: 0.384 Thread 0x000002a8f85f5000 DEOPT UNPACKING pc=0x000002a88873912f sp=0x000000e5e32fddd8 mode 2
Event: 0.725 Thread 0x000002a8f85f5000 Uncommon trap: trap_request=0xffffff45 fr.pc=0x000002a8901c578c relative=0x000000000000006c
Event: 0.725 Thread 0x000002a8f85f5000 Uncommon trap: reason=unstable_if action=reinterpret pc=0x000002a8901c578c method=java.lang.String.isLatin1()Z @ 10 c2
Event: 0.725 Thread 0x000002a8f85f5000 DEOPT PACKING pc=0x000002a8901c578c sp=0x000000e5e32fe8d0
Event: 0.725 Thread 0x000002a8f85f5000 DEOPT UNPACKING pc=0x000002a88873912f sp=0x000000e5e32fe870 mode 2
Event: 0.917 Thread 0x000002a8f85f5000 DEOPT PACKING pc=0x000002a888cc0251 sp=0x000000e5e32fc830
Event: 0.917 Thread 0x000002a8f85f5000 DEOPT UNPACKING pc=0x000002a88873964e sp=0x000000e5e32fbc90 mode 0

Classes unloaded (0 events):
No events

Classes redefined (17 events):
Event: 116.186 Thread 0x000002a89f738800 redefined class name=ru.job4j.array.FindLoop, count=1
Event: 137.399 Thread 0x000002a89f738800 redefined class name=ru.job4j.array.FindLoop, count=2
Event: 151.382 Thread 0x000002a89f738800 redefined class name=ru.job4j.array.FindLoop, count=3
Event: 164.834 Thread 0x000002a89f738800 redefined class name=ru.job4j.array.FindLoop, count=4
Event: 219.746 Thread 0x000002a89f738800 redefined class name=ru.job4j.array.FindLoopTest, count=1
Event: 235.249 Thread 0x000002a89f738800 redefined class name=ru.job4j.array.FindLoop, count=5
Event: 477.452 Thread 0x000002a89f738800 redefined class name=ru.job4j.array.FindLoop, count=6
Event: 510.897 Thread 0x000002a89f738800 redefined class name=ru.job4j.array.FindLoop, count=7
Event: 628.509 Thread 0x000002a89f738800 redefined class name=ru.job4j.array.FindLoop, count=8
Event: 648.381 Thread 0x000002a89f738800 redefined class name=ru.job4j.array.FindLoop, count=9
Event: 977.503 Thread 0x000002a89f738800 redefined class name=ru.job4j.array.FindLoop, count=10
Event: 9726.485 Thread 0x000002a89f738800 redefined class name=ru.job4j.array.FindLoop, count=11
Event: 9819.311 Thread 0x000002a89f738800 redefined class name=ru.job4j.array.FindLoop, count=12
Event: 9843.901 Thread 0x000002a89f738800 redefined class name=ru.job4j.array.FindLoopTest, count=2
Event: 9862.049 Thread 0x000002a89f738800 redefined class name=ru.job4j.array.FindLoopTest, count=3
Event: 9922.126 Thread 0x000002a89f738800 redefined class name=ru.job4j.array.FindLoop, count=13
Event: 9963.183 Thread 0x000002a89f738800 redefined class name=ru.job4j.array.FindLoop, count=14

Internal exceptions (3 events):
Event: 0.507 Thread 0x000002a8f85f5000 Exception <a 'java/io/FileNotFoundException'{0x0000000089246fa8}> (0x0000000089246fa8) 
thrown [./open/src/hotspot/share/prims/jni.cpp, line 599]
Event: 0.670 Thread 0x000002a8f85f5000 Exception <a 'java/lang/NoSuchMethodError'{0x00000000892d07e0}: 'int java.lang.invoke.DirectMethodHandle$Holder.invokeSpecialIFC(java.lang.Object, java.lang.Object, int)'> (0x00000000892d07e0) 
thrown [./open/src/hotspot/share/interpreter/linkResolver.cpp, line 766]
Event: 0.870 Thread 0x000002a8f85f5000 Exception <a 'java/lang/IncompatibleClassChangeError'{0x0000000089054670}: Found class java.lang.Object, but interface was expected> (0x0000000089054670) 
thrown [./open/src/hotspot/share/interpreter/linkResolver.cpp, line 832]

Events (20 events):
Event: 9963.270 Executing VM operation: GetFrameCount
Event: 9963.270 Executing VM operation: GetFrameCount done
Event: 9963.270 Executing VM operation: GetStackTrace
Event: 9963.270 Executing VM operation: GetStackTrace done
Event: 9963.270 Executing VM operation: GetFrameLocation
Event: 9963.270 Executing VM operation: GetFrameLocation done
Event: 9963.270 Executing VM operation: get/set locals
Event: 9963.270 Executing VM operation: get/set locals done
Event: 9963.274 Executing VM operation: GetFrameCount
Event: 9963.274 Executing VM operation: GetFrameCount done
Event: 9963.274 Executing VM operation: GetStackTrace
Event: 9963.275 Executing VM operation: GetStackTrace done
Event: 9963.277 Executing VM operation: GetFrameCount
Event: 9963.277 Executing VM operation: GetFrameCount done
Event: 9963.278 Executing VM operation: GetStackTrace
Event: 9963.278 Executing VM operation: GetStackTrace done
Event: 9963.284 Executing VM operation: GetFrameLocation
Event: 9963.284 Executing VM operation: GetFrameLocation done
Event: 9963.287 Executing VM operation: get/set locals
Event: 9963.287 Executing VM operation: get/set locals done


Dynamic libraries:
0x00007ff604c20000 - 0x00007ff604c2f000 	C:\Program Files\Java\jdk-14.0.2\bin\java.exe
0x00007fffa62e0000 - 0x00007fffa64d0000 	C:\WINDOWS\SYSTEM32\ntdll.dll
0x00007fffa5e40000 - 0x00007fffa5ef2000 	C:\WINDOWS\System32\KERNEL32.DLL
0x00007fffa3320000 - 0x00007fffa35c4000 	C:\WINDOWS\System32\KERNELBASE.dll
0x00007fffa4230000 - 0x00007fffa432a000 	C:\WINDOWS\System32\ucrtbase.dll
0x00007fff9e0d0000 - 0x00007fff9e0e5000 	C:\Program Files\Java\jdk-14.0.2\bin\VCRUNTIME140.dll
0x00007fff9e0b0000 - 0x00007fff9e0c8000 	C:\Program Files\Java\jdk-14.0.2\bin\jli.dll
0x00007fffa4830000 - 0x00007fffa48d3000 	C:\WINDOWS\System32\ADVAPI32.dll
0x00007fffa5570000 - 0x00007fffa560e000 	C:\WINDOWS\System32\msvcrt.dll
0x00007fffa52d0000 - 0x00007fffa5367000 	C:\WINDOWS\System32\sechost.dll
0x00007fffa6180000 - 0x00007fffa62a0000 	C:\WINDOWS\System32\RPCRT4.dll
0x00007fffa5370000 - 0x00007fffa5505000 	C:\WINDOWS\System32\USER32.dll
0x00007fffa3d60000 - 0x00007fffa3d81000 	C:\WINDOWS\System32\win32u.dll
0x00007fffa57d0000 - 0x00007fffa57f6000 	C:\WINDOWS\System32\GDI32.dll
0x00007fffa3d90000 - 0x00007fffa3f26000 	C:\WINDOWS\System32\gdi32full.dll
0x00007fffa3260000 - 0x00007fffa32fe000 	C:\WINDOWS\System32\msvcp_win.dll
0x00007fff95560000 - 0x00007fff957e4000 	C:\WINDOWS\WinSxS\amd64_microsoft.windows.common-controls_6595b64144ccf1df_6.0.18362.1016_none_9e7a36bbe461dae4\COMCTL32.dll
0x00007fffa2c00000 - 0x00007fffa2c0a000 	C:\WINDOWS\SYSTEM32\VERSION.dll
0x00007fffa4390000 - 0x00007fffa46c5000 	C:\WINDOWS\System32\combase.dll
0x00007fffa4100000 - 0x00007fffa4180000 	C:\WINDOWS\System32\bcryptPrimitives.dll
0x00007fffa4b30000 - 0x00007fffa4b5e000 	C:\WINDOWS\System32\IMM32.DLL
0x00007fffa2c10000 - 0x00007fffa2c46000 	C:\WINDOWS\system32\DriverStore\FileRepository\nvam.inf_amd64_6319fc811e174a2b\nvinitx.dll
0x00007fffa4be0000 - 0x00007fffa52c7000 	C:\WINDOWS\System32\Shell32.dll
0x00007fffa3f30000 - 0x00007fffa3f7a000 	C:\WINDOWS\System32\cfgmgr32.dll
0x00007fffa4950000 - 0x00007fffa49f9000 	C:\WINDOWS\System32\shcore.dll
0x00007fffa35d0000 - 0x00007fffa3d52000 	C:\WINDOWS\System32\windows.storage.dll
0x00007fffa3210000 - 0x00007fffa3233000 	C:\WINDOWS\System32\profapi.dll
0x00007fffa31c0000 - 0x00007fffa320a000 	C:\WINDOWS\System32\powrprof.dll
0x00007fffa3190000 - 0x00007fffa31a0000 	C:\WINDOWS\System32\UMPDC.dll
0x00007fffa5960000 - 0x00007fffa59b2000 	C:\WINDOWS\System32\shlwapi.dll
0x00007fffa31a0000 - 0x00007fffa31b1000 	C:\WINDOWS\System32\kernel.appcore.dll
0x00007fffa3300000 - 0x00007fffa3317000 	C:\WINDOWS\System32\cryptsp.dll
0x000000005eeb0000 - 0x000000005eeb6000 	C:\Program Files\NVIDIA Corporation\CoProcManager\_etoured.dll
0x00007fff8b150000 - 0x00007fff8b193000 	C:\Program Files\NVIDIA Corporation\CoProcManager\nvd3d9wrapx.dll
0x00007fffa59d0000 - 0x00007fffa5e40000 	C:\WINDOWS\System32\SETUPAPI.dll
0x00007fffa3f80000 - 0x00007fffa3fa6000 	C:\WINDOWS\System32\bcrypt.dll
0x00007fffa1e10000 - 0x00007fffa1e30000 	C:\WINDOWS\SYSTEM32\dxcore.dll
0x00007fff8eec0000 - 0x00007fff8eeed000 	C:\Program Files\NVIDIA Corporation\CoProcManager\nvdxgiwrapx.dll
0x00007fff80450000 - 0x00007fff804eb000 	C:\Program Files\Java\jdk-14.0.2\bin\msvcp140.dll
0x00007fff75ef0000 - 0x00007fff76a0e000 	C:\Program Files\Java\jdk-14.0.2\bin\server\jvm.dll
0x00007fffa59c0000 - 0x00007fffa59c8000 	C:\WINDOWS\System32\PSAPI.DLL
0x00007fff9e110000 - 0x00007fff9e119000 	C:\WINDOWS\SYSTEM32\WSOCK32.dll
0x00007fffa48e0000 - 0x00007fffa494f000 	C:\WINDOWS\System32\WS2_32.dll
0x00007fffa0c40000 - 0x00007fffa0c64000 	C:\WINDOWS\SYSTEM32\WINMM.dll
0x00007fffa0c10000 - 0x00007fffa0c3d000 	C:\WINDOWS\SYSTEM32\WINMMBASE.dll
0x00007fffa0c90000 - 0x00007fffa0c9a000 	C:\Program Files\Java\jdk-14.0.2\bin\jimage.dll
0x00007fff92520000 - 0x00007fff92714000 	C:\WINDOWS\SYSTEM32\DBGHELP.DLL
0x00007fff924f0000 - 0x00007fff9251a000 	C:\WINDOWS\SYSTEM32\dbgcore.DLL
0x00007fff85830000 - 0x00007fff85868000 	C:\Program Files\Java\jdk-14.0.2\bin\jdwp.dll
0x00007fff92210000 - 0x00007fff92235000 	C:\Program Files\Java\jdk-14.0.2\bin\java.dll
0x00007fff94d60000 - 0x00007fff94d76000 	C:\Program Files\Java\jdk-14.0.2\bin\zip.dll
0x00007fff8d430000 - 0x00007fff8d43b000 	C:\Program Files\Java\jdk-14.0.2\bin\dt_socket.dll
0x00007fffa2650000 - 0x00007fffa268a000 	C:\WINDOWS\SYSTEM32\IPHLPAPI.DLL
0x00007fffa2940000 - 0x00007fffa29a7000 	C:\WINDOWS\system32\mswsock.dll
0x00007fff90a60000 - 0x00007fff90a79000 	C:\Program Files\Java\jdk-14.0.2\bin\net.dll
0x00007fff98f60000 - 0x00007fff99050000 	C:\WINDOWS\SYSTEM32\WINHTTP.dll
0x00007fff8f9f0000 - 0x00007fff8fa02000 	C:\Program Files\Java\jdk-14.0.2\bin\nio.dll
0x00007fff974f0000 - 0x00007fff97500000 	C:\Program Files\Java\jdk-14.0.2\bin\verify.dll

dbghelp: loaded successfully - version: 4.0.5 - missing functions: none
symbol engine: initialized successfully - sym options: 0x614 - pdb path: .;C:\Program Files\Java\jdk-14.0.2\bin;C:\WINDOWS\SYSTEM32;C:\WINDOWS\WinSxS\amd64_microsoft.windows.common-controls_6595b64144ccf1df_6.0.18362.1016_none_9e7a36bbe461dae4;C:\WINDOWS\system32\DriverStore\FileRepository\nvam.inf_amd64_6319fc811e174a2b;C:\Program Files\NVIDIA Corporation\CoProcManager;C:\Program Files\Java\jdk-14.0.2\bin\server

VM Arguments:
jvm_args: -agentlib:jdwp=transport=dt_socket,address=127.0.0.1:57304,suspend=y,server=n -ea -Didea.test.cyclic.buffer.size=1048576 -Dfile.encoding=UTF-8 
java_command: com.intellij.rt.execution.junit.JUnitStarter -ideVersion5 -junit4 ru.job4j.array.FindLoopTest,thenArrayHas2Then2
java_class_path (initial): C:\Program Files\JetBrains\IntelliJ IDEA Community Edition 2018.2.5\lib\idea_rt.jar;C:\Program Files\JetBrains\IntelliJ IDEA Community Edition 2018.2.5\plugins\junit\lib\junit-rt.jar;C:\Program Files\JetBrains\IntelliJ IDEA Community Edition 2018.2.5\plugins\junit\lib\junit5-rt.jar;C:\projects\job4j_elementary\out\test\job4j_elementary;C:\projects\job4j_elementary\out\production\job4j_elementary;C:\projects\job4j_elementary\lib\junit-4.12.jar;C:\projects\job4j_elementary\lib\hamcrest-all-1.3.jar
Launcher Type: SUN_STANDARD

[Global flags]
     intx CICompilerCount                          = 3                                         {product} {ergonomic}
     uint ConcGCThreads                            = 1                                         {product} {ergonomic}
     uint G1ConcRefinementThreads                  = 4                                         {product} {ergonomic}
   size_t G1HeapRegionSize                         = 1048576                                   {product} {ergonomic}
    uintx GCDrainStackTargetSize                   = 64                                        {product} {ergonomic}
   size_t InitialHeapSize                          = 134217728                                 {product} {ergonomic}
   size_t MarkStackSize                            = 4194304                                   {product} {ergonomic}
   size_t MaxHeapSize                              = 2126512128                                {product} {ergonomic}
   size_t MaxNewSize                               = 1275068416                                {product} {ergonomic}
   size_t MinHeapDeltaBytes                        = 1048576                                   {product} {ergonomic}
   size_t MinHeapSize                              = 8388608                                   {product} {ergonomic}
    uintx NonNMethodCodeHeapSize                   = 5832780                                {pd product} {ergonomic}
    uintx NonProfiledCodeHeapSize                  = 122912730                              {pd product} {ergonomic}
    uintx ProfiledCodeHeapSize                     = 122912730                              {pd product} {ergonomic}
    uintx ReservedCodeCacheSize                    = 251658240                              {pd product} {ergonomic}
     bool SegmentedCodeCache                       = true                                      {product} {ergonomic}
   size_t SoftMaxHeapSize                          = 2126512128                             {manageable} {ergonomic}
     bool UseCompressedClassPointers               = true                                 {lp64_product} {ergonomic}
     bool UseCompressedOops                        = true                                 {lp64_product} {ergonomic}
     bool UseG1GC                                  = true                                      {product} {ergonomic}
     bool UseLargePagesIndividualAllocation        = false                                  {pd product} {ergonomic}

Logging:
Log output configuration:
 #0: stdout all=warning uptime,level,tags
 #1: stderr all=off uptime,level,tags

Environment Variables:
PATH=C:\Program Files (x86)\Common Files\Oracle\Java\javapath;C:\ProgramData\Oracle\Java\javapath;C:\Windows\system32;C:\Windows;C:\Windows\System32\Wbem;C:\Windows\System32\WindowsPowerShell\v1.0\;C:\Windows\System32\OpenSSH\;C:\Program Files\Git\cmd;C:\Program Files (x86)\NVIDIA Corporation\PhysX\Common;C:\WINDOWS\system32;C:\WINDOWS;C:\WINDOWS\System32\Wbem;C:\WINDOWS\System32\WindowsPowerShell\v1.0\;C:\WINDOWS\System32\OpenSSH\;C:\Program Files\nodejs\;C:\Users\petrs\AppData\Local\Microsoft\WindowsApps;;C:\Users\petrs\AppData\Local\Programs\Microsoft VS Code\bin;C:\Users\petrs\AppData\Roaming\npm
USERNAME=petrs
OS=Windows_NT
PROCESSOR_IDENTIFIER=Intel64 Family 6 Model 42 Stepping 7, GenuineIntel



---------------  S Y S T E M  ---------------

OS: Windows 10 , 64 bit Build 18362 (10.0.18362.959)
OS uptime: 2 days 19:17 hours

CPU:total 4 (initial active 4) (2 cores per cpu, 2 threads per core) family 6 model 42 stepping 7, cmov, cx8, fxsr, mmx, sse, sse2, sse3, ssse3, sse4.1, sse4.2, popcnt, avx, clmul, ht, tsc, tscinvbit

Memory: 4k page, system-wide physical 8104M (3079M free)
TotalPageFile size 10880M (AvailPageFile size 2103M)
current process WorkingSet (physical memory assigned to process): 29M, peak: 46M
current process commit charge ("private bytes"): 209M, peak: 214M

vm_info: Java HotSpot(TM) 64-Bit Server VM (14.0.2+12-46) for windows-amd64 JRE (14.0.2+12-46), built on Jul  9 2020 00:35:52 by "mach5one" with MS VC++ 15.9 (VS2017)

END.
